[35m[Appium][39m Welcome to Appium v1.15.1
[35m[Appium][39m Non-default server args:
[35m[Appium][39m   port: 65288
[35m[Appium][39m   loglevel: info
[35m[Appium][39m   chromeDriverPort: 65290
[35m[Appium][39m   tmpDir: C:\Users\ohs\AppData\Local\Temp\\Katalon\Appium\Temp1573730729145
[35m[Appium][39m Appium REST http interface listener started on 0.0.0.0:65288
[35m[HTTP][39m [37m-->[39m [37mGET[39m [37m/wd/hub/status[39m
[35m[HTTP][39m [90m{}[39m
[35m[HTTP][39m [37m<-- GET /wd/hub/status [39m[32m200[39m [90m10 ms - 68[39m
[35m[HTTP][39m [90m[39m
[35m[HTTP][39m [37m-->[39m [37mGET[39m [37m/wd/hub/status[39m
[35m[HTTP][39m [90m{}[39m
[35m[HTTP][39m [37m<-- GET /wd/hub/status [39m[32m200[39m [90m2 ms - 68[39m
[35m[HTTP][39m [90m[39m
[35m[HTTP][39m [37m-->[39m [37mPOST[39m [37m/wd/hub/session[39m
[35m[HTTP][39m [90m{"desiredCapabilities":{"app":"D:\\Personal\\Projects\\Github\\HomeCredit\\id.co.myhomecredit_2019-10-23.apk","noReset":true,"deviceName":"Xiaomi Mi A2 (Android 9)","fullReset":false,"platform":"ANDROID","newCommandTimeout":1800,"platformVersion":"9","automationName":"uiautomator2","autoGrantPermissions":true,"platformName":"Android","udid":"9374d31","systemPort":65304},"capabilities":{"firstMatch":[{"appium:app":"D:\\Personal\\Projects\\Github\\HomeCredit\\id.co.myhomecredit_2019-10-23.apk","appium:autoGrantPermissions":true,"appium:automationName":"uiautomator2","appium:deviceName":"Xiaomi Mi A2 (Android 9)","appium:fullReset":false,"appium:newCommandTimeout":1800,"appium:noReset":true,"platform":"ANDROID","platformName":"android","appium:platformVersion":"9","appium:systemPort":65304,"appium:udid":"9374d31"}]}}[39m
[35m[BaseDriver][39m The capabilities ["platform"] are not standard capabilities and should have an extension prefix
[35m[Appium][39m Appium v1.15.1 creating new AndroidUiautomator2Driver (v1.37.2) session
[35m[BaseDriver][39m The following capabilities were provided, but are not recognized by Appium:
[35m[BaseDriver][39m   platform
[35m[BaseDriver][39m Session created with session id: 7e4297b9-94e8-41e3-96ab-47a1a2dd269d
[35m[BaseDriver][39m Using local app 'D:\Personal\Projects\Github\HomeCredit\id.co.myhomecredit_2019-10-23.apk'
[35m[ADB][39m Found 8 'build-tools' folders under 'C:\Users\ohs\.katalon\tools\android_sdk' (newest first):
[35m[ADB][39m     C:/Users/ohs/.katalon/tools/android_sdk/build-tools/28.0.3
[35m[ADB][39m     C:/Users/ohs/.katalon/tools/android_sdk/build-tools/28.0.2
[35m[ADB][39m     C:/Users/ohs/.katalon/tools/android_sdk/build-tools/28.0.1
[35m[ADB][39m     C:/Users/ohs/.katalon/tools/android_sdk/build-tools/28.0.0
[35m[ADB][39m     C:/Users/ohs/.katalon/tools/android_sdk/build-tools/25.0.3
[35m[ADB][39m     C:/Users/ohs/.katalon/tools/android_sdk/build-tools/25.0.2
[35m[ADB][39m     C:/Users/ohs/.katalon/tools/android_sdk/build-tools/25.0.1
[35m[ADB][39m     C:/Users/ohs/.katalon/tools/android_sdk/build-tools/25.0.0
[35m[ADB][39m Using 'adb.exe' from 'C:\Users\ohs\.katalon\tools\android_sdk\platform-tools\adb.exe'
[35m[AndroidDriver][39m Retrieving device list
[35m[AndroidDriver][39m Using device: 9374d31
[35m[ADB][39m Using 'adb.exe' from 'C:\Users\ohs\.katalon\tools\android_sdk\platform-tools\adb.exe'
[35m[UiAutomator2][39m Relaxing hidden api policy
[35m[ADB][39m Using the alternative activity name detection method because of: Could not find 'apkanalyzer.bat' in ["C:\\Users\\ohs\\.katalon\\tools\\android_sdk\\platform-tools\\apkanalyzer.bat","C:\\Users\\ohs\\.katalon\\tools\\android_sdk\\emulator\\apkanalyzer.bat","C:\\Users\\ohs\\.katalon\\tools\\android_sdk\\tools\\apkanalyzer.bat","C:\\Users\\ohs\\.katalon\\tools\\android_sdk\\tools\\bin\\apkanalyzer.bat","C:\\Users\\ohs\\.katalon\\tools\\android_sdk\\build-tools\\28.0.3\\apkanalyzer.bat","C:\\Users\\ohs\\.katalon\\tools\\android_sdk\\build-tools\\28.0.2\\apkanalyzer.bat","C:\\Users\\ohs\\.katalon\\tools\\android_sdk\\build-tools\\28.0.1\\apkanalyzer.bat","C:\\Users\\ohs\\.katalon\\tools\\android_sdk\\build-tools\\28.0.0\\apkanalyzer.bat","C:\\Users\\ohs\\.katalon\\tools\\android_sdk\\build-tools\\25.0.3\\apkanalyzer.bat","C:\\Users\\ohs\\.katalon\\tools\\android_sdk\\build-tools\\25.0.2\\apkanalyzer.bat","C:\\Users\\ohs\\.katalon\\tools\\android_sdk\\build-tools\\25.0.1\\apkanalyzer.bat","C:\\Users\\ohs\\.katalon\\tools\\android_sdk\\build-tools\\25.0.0\\apkanalyzer.bat"]. Do you have Android Build Tools installed at 'C:\Users\ohs\.katalon\tools\android_sdk'?
[35m[ADB][39m Using 'aapt.exe' from 'C:\Users\ohs\.katalon\tools\android_sdk\build-tools\28.0.3\aapt.exe'
[35m[ADB][39m Extracting package and launch activity from manifest
[35m[ADB][39m Package name: 'id.co.myhomecredit'
[35m[ADB][39m Main activity name: 'id.co.homecredit.v2.launcherpage.SplashScreenActivity'
[35m[ADB][39m Cannot extract apk info using apkanalyzer. Falling back to aapt. Original error: Could not find 'apkanalyzer.bat' in ["C:\\Users\\ohs\\.katalon\\tools\\android_sdk\\platform-tools\\apkanalyzer.bat","C:\\Users\\ohs\\.katalon\\tools\\android_sdk\\emulator\\apkanalyzer.bat","C:\\Users\\ohs\\.katalon\\tools\\android_sdk\\tools\\apkanalyzer.bat","C:\\Users\\ohs\\.katalon\\tools\\android_sdk\\tools\\bin\\apkanalyzer.bat","C:\\Users\\ohs\\.katalon\\tools\\android_sdk\\build-tools\\28.0.3\\apkanalyzer.bat","C:\\Users\\ohs\\.katalon\\tools\\android_sdk\\build-tools\\28.0.2\\apkanalyzer.bat","C:\\Users\\ohs\\.katalon\\tools\\android_sdk\\build-tools\\28.0.1\\apkanalyzer.bat","C:\\Users\\ohs\\.katalon\\tools\\android_sdk\\build-tools\\28.0.0\\apkanalyzer.bat","C:\\Users\\ohs\\.katalon\\tools\\android_sdk\\build-tools\\25.0.3\\apkanalyzer.bat","C:\\Users\\ohs\\.katalon\\tools\\android_sdk\\build-tools\\25.0.2\\apkanalyzer.bat","C:\\Users\\ohs\\.katalon\\tools\\android_sdk\\build-tools\\25.0.1\\apkanalyzer.bat","C:\\Users\\ohs\\.katalon\\tools\\android_sdk\\build-tools\\25.0.0\\apkanalyzer.bat"]. Do you have Android Build Tools installed at 'C:\Users\ohs\.katalon\tools\android_sdk'?
[35m[ADB][39m Cannot extract apk info using apkanalyzer. Falling back to aapt. Original error: Could not find 'apkanalyzer.bat' in ["C:\\Users\\ohs\\.katalon\\tools\\android_sdk\\platform-tools\\apkanalyzer.bat","C:\\Users\\ohs\\.katalon\\tools\\android_sdk\\emulator\\apkanalyzer.bat","C:\\Users\\ohs\\.katalon\\tools\\android_sdk\\tools\\apkanalyzer.bat","C:\\Users\\ohs\\.katalon\\tools\\android_sdk\\tools\\bin\\apkanalyzer.bat","C:\\Users\\ohs\\.katalon\\tools\\android_sdk\\build-tools\\28.0.3\\apkanalyzer.bat","C:\\Users\\ohs\\.katalon\\tools\\android_sdk\\build-tools\\28.0.2\\apkanalyzer.bat","C:\\Users\\ohs\\.katalon\\tools\\android_sdk\\build-tools\\28.0.1\\apkanalyzer.bat","C:\\Users\\ohs\\.katalon\\tools\\android_sdk\\build-tools\\28.0.0\\apkanalyzer.bat","C:\\Users\\ohs\\.katalon\\tools\\android_sdk\\build-tools\\25.0.3\\apkanalyzer.bat","C:\\Users\\ohs\\.katalon\\tools\\android_sdk\\build-tools\\25.0.2\\apkanalyzer.bat","C:\\Users\\ohs\\.katalon\\tools\\android_sdk\\build-tools\\25.0.1\\apkanalyzer.bat","C:\\Users\\ohs\\.katalon\\tools\\android_sdk\\build-tools\\25.0.0\\apkanalyzer.bat"]. Do you have Android Build Tools installed at 'C:\Users\ohs\.katalon\tools\android_sdk'?
[35m[ADB][39m Using 'apksigner.bat' from 'C:\Users\ohs\.katalon\tools\android_sdk\build-tools\28.0.3\apksigner.bat'
[35m[UiAutomator2][39m Server packages are not going to be (re)installed
[35m[ADB][39m Cannot extract apk info using apkanalyzer. Falling back to aapt. Original error: Could not find 'apkanalyzer.bat' in ["C:\\Users\\ohs\\.katalon\\tools\\android_sdk\\platform-tools\\apkanalyzer.bat","C:\\Users\\ohs\\.katalon\\tools\\android_sdk\\emulator\\apkanalyzer.bat","C:\\Users\\ohs\\.katalon\\tools\\android_sdk\\tools\\apkanalyzer.bat","C:\\Users\\ohs\\.katalon\\tools\\android_sdk\\tools\\bin\\apkanalyzer.bat","C:\\Users\\ohs\\.katalon\\tools\\android_sdk\\build-tools\\28.0.3\\apkanalyzer.bat","C:\\Users\\ohs\\.katalon\\tools\\android_sdk\\build-tools\\28.0.2\\apkanalyzer.bat","C:\\Users\\ohs\\.katalon\\tools\\android_sdk\\build-tools\\28.0.1\\apkanalyzer.bat","C:\\Users\\ohs\\.katalon\\tools\\android_sdk\\build-tools\\28.0.0\\apkanalyzer.bat","C:\\Users\\ohs\\.katalon\\tools\\android_sdk\\build-tools\\25.0.3\\apkanalyzer.bat","C:\\Users\\ohs\\.katalon\\tools\\android_sdk\\build-tools\\25.0.2\\apkanalyzer.bat","C:\\Users\\ohs\\.katalon\\tools\\android_sdk\\build-tools\\25.0.1\\apkanalyzer.bat","C:\\Users\\ohs\\.katalon\\tools\\android_sdk\\build-tools\\25.0.0\\apkanalyzer.bat"]. Do you have Android Build Tools installed at 'C:\Users\ohs\.katalon\tools\android_sdk'?
[35m[UiAutomator2][39m Starting UIAutomator2 server 4.3.0
[35m[UiAutomator2][39m Using UIAutomator2 server from 'C:\Users\ohs\AppData\Roaming\npm\node_modules\appium\node_modules\appium-uiautomator2-server\apks\appium-uiautomator2-server-v4.3.0.apk' and test from 'C:\Users\ohs\AppData\Roaming\npm\node_modules\appium\node_modules\appium-uiautomator2-server\apks\appium-uiautomator2-server-debug-androidTest.apk'
[35m[UiAutomator2][39m Waiting up to 30000ms for UiAutomator2 to be online...
[35m[WD Proxy][39m Got an unexpected response with status undefined: {"code":"ECONNRESET","errno":"ECONNRESET","syscall":"read"}
[35m[WD Proxy][39m Got an unexpected response with status undefined: {"code":"ECONNRESET","errno":"ECONNRESET","syscall":"read"}
[35m[WD Proxy][39m Got an unexpected response with status undefined: {"code":"ECONNRESET","errno":"ECONNRESET","syscall":"read"}
[35m[WD Proxy][39m Determined the downstream protocol as 'W3C'
[35m[AndroidDriver][39m Screen already unlocked, doing nothing
[35m[UiAutomator2][39m Starting 'id.co.myhomecredit/id.co.homecredit.v2.launcherpage.SplashScreenActivity and waiting for 'id.co.myhomecredit/id.co.homecredit.v2.launcherpage.SplashScreenActivity'
[35m[Appium][39m New AndroidUiautomator2Driver session created successfully, session 7e4297b9-94e8-41e3-96ab-47a1a2dd269d added to master session list
[35m[HTTP][39m [37m<-- POST /wd/hub/session [39m[32m200[39m [90m24917 ms - 1227[39m
[35m[HTTP][39m [90m[39m
[35m[HTTP][39m [37m-->[39m [37mGET[39m [37m/wd/hub/session/7e4297b9-94e8-41e3-96ab-47a1a2dd269d[39m
[35m[HTTP][39m [90m{}[39m
[35m[HTTP][39m [37m<-- GET /wd/hub/session/7e4297b9-94e8-41e3-96ab-47a1a2dd269d [39m[32m200[39m [90m109 ms - 1159[39m
[35m[HTTP][39m [90m[39m
[35m[HTTP][39m [37m-->[39m [37mGET[39m [37m/wd/hub/session/7e4297b9-94e8-41e3-96ab-47a1a2dd269d[39m
[35m[HTTP][39m [90m{}[39m
[35m[HTTP][39m [37m<-- GET /wd/hub/session/7e4297b9-94e8-41e3-96ab-47a1a2dd269d [39m[32m200[39m [90m49 ms - 1159[39m
[35m[HTTP][39m [90m[39m
[35m[HTTP][39m [37m-->[39m [37mGET[39m [37m/wd/hub/status[39m
[35m[HTTP][39m [90m{}[39m
[35m[HTTP][39m [37m<-- GET /wd/hub/status [39m[32m200[39m [90m2 ms - 68[39m
[35m[HTTP][39m [90m[39m
[35m[HTTP][39m [37m-->[39m [37mPOST[39m [37m/wd/hub/session/7e4297b9-94e8-41e3-96ab-47a1a2dd269d/timeouts[39m
[35m[HTTP][39m [90m{"implicit":60000}[39m
[35m[HTTP][39m [37m<-- POST /wd/hub/session/7e4297b9-94e8-41e3-96ab-47a1a2dd269d/timeouts [39m[32m200[39m [90m10 ms - 14[39m
[35m[HTTP][39m [90m[39m
[35m[HTTP][39m [37m-->[39m [37mGET[39m [37m/wd/hub/session/7e4297b9-94e8-41e3-96ab-47a1a2dd269d/source[39m
[35m[HTTP][39m [90m{}[39m
[35m[W3C (7e4297b9)][39m Driver proxy active, passing request on via HTTP proxy
[35m[WD Proxy][39m Replacing sessionId 678c7e95-5ea3-4957-89dc-1ac5c1c4744f with 7e4297b9-94e8-41e3-96ab-47a1a2dd269d
[35m[HTTP][39m [37m<-- GET /wd/hub/session/7e4297b9-94e8-41e3-96ab-47a1a2dd269d/source [39m[32m200[39m [90m444 ms - 2808[39m
[35m[HTTP][39m [90m[39m
[35m[HTTP][39m [37m-->[39m [37mGET[39m [37m/wd/hub/session/7e4297b9-94e8-41e3-96ab-47a1a2dd269d/screenshot[39m
[35m[HTTP][39m [90m{}[39m
[35m[HTTP][39m [37m<-- GET /wd/hub/session/7e4297b9-94e8-41e3-96ab-47a1a2dd269d/screenshot [39m[32m200[39m [90m678 ms - 68698[39m
[35m[HTTP][39m [90m[39m
[35m[HTTP][39m [37m-->[39m [37mGET[39m [37m/wd/hub/session/7e4297b9-94e8-41e3-96ab-47a1a2dd269d/source[39m
[35m[HTTP][39m [90m{}[39m
[35m[W3C (7e4297b9)][39m Driver proxy active, passing request on via HTTP proxy
[35m[WD Proxy][39m Replacing sessionId 678c7e95-5ea3-4957-89dc-1ac5c1c4744f with 7e4297b9-94e8-41e3-96ab-47a1a2dd269d
[35m[HTTP][39m [37m<-- GET /wd/hub/session/7e4297b9-94e8-41e3-96ab-47a1a2dd269d/source [39m[32m200[39m [90m204 ms - 7264[39m
[35m[HTTP][39m [90m[39m
[35m[HTTP][39m [37m-->[39m [37mGET[39m [37m/wd/hub/session/7e4297b9-94e8-41e3-96ab-47a1a2dd269d/screenshot[39m
[35m[HTTP][39m [90m{}[39m
[35m[HTTP][39m [37m<-- GET /wd/hub/session/7e4297b9-94e8-41e3-96ab-47a1a2dd269d/screenshot [39m[32m200[39m [90m919 ms - 411270[39m
[35m[HTTP][39m [90m[39m
[35m[HTTP][39m [37m-->[39m [37mGET[39m [37m/wd/hub/session/7e4297b9-94e8-41e3-96ab-47a1a2dd269d/source[39m
[35m[HTTP][39m [90m{}[39m
[35m[W3C (7e4297b9)][39m Driver proxy active, passing request on via HTTP proxy
[35m[WD Proxy][39m Replacing sessionId 678c7e95-5ea3-4957-89dc-1ac5c1c4744f with 7e4297b9-94e8-41e3-96ab-47a1a2dd269d
[35m[HTTP][39m [37m<-- GET /wd/hub/session/7e4297b9-94e8-41e3-96ab-47a1a2dd269d/source [39m[32m200[39m [90m1076 ms - 22399[39m
[35m[HTTP][39m [90m[39m
[35m[HTTP][39m [37m-->[39m [37mGET[39m [37m/wd/hub/session/7e4297b9-94e8-41e3-96ab-47a1a2dd269d/screenshot[39m
[35m[HTTP][39m [90m{}[39m
[35m[HTTP][39m [37m<-- GET /wd/hub/session/7e4297b9-94e8-41e3-96ab-47a1a2dd269d/screenshot [39m[32m200[39m [90m832 ms - 473880[39m
[35m[HTTP][39m [90m[39m
[35m[HTTP][39m [37m-->[39m [37mGET[39m [37m/wd/hub/session/7e4297b9-94e8-41e3-96ab-47a1a2dd269d/source[39m
[35m[HTTP][39m [90m{}[39m
[35m[W3C (7e4297b9)][39m Driver proxy active, passing request on via HTTP proxy
[35m[WD Proxy][39m Replacing sessionId 678c7e95-5ea3-4957-89dc-1ac5c1c4744f with 7e4297b9-94e8-41e3-96ab-47a1a2dd269d
[35m[HTTP][39m [37m<-- GET /wd/hub/session/7e4297b9-94e8-41e3-96ab-47a1a2dd269d/source [39m[32m200[39m [90m438 ms - 14812[39m
[35m[HTTP][39m [90m[39m
[35m[HTTP][39m [37m-->[39m [37mGET[39m [37m/wd/hub/session/7e4297b9-94e8-41e3-96ab-47a1a2dd269d/screenshot[39m
[35m[HTTP][39m [90m{}[39m
[35m[HTTP][39m [37m<-- GET /wd/hub/session/7e4297b9-94e8-41e3-96ab-47a1a2dd269d/screenshot [39m[32m200[39m [90m903 ms - 472500[39m
[35m[HTTP][39m [90m[39m
[35m[HTTP][39m [37m-->[39m [37mGET[39m [37m/wd/hub/session/7e4297b9-94e8-41e3-96ab-47a1a2dd269d/source[39m
[35m[HTTP][39m [90m{}[39m
[35m[W3C (7e4297b9)][39m Driver proxy active, passing request on via HTTP proxy
[35m[WD Proxy][39m Replacing sessionId 678c7e95-5ea3-4957-89dc-1ac5c1c4744f with 7e4297b9-94e8-41e3-96ab-47a1a2dd269d
[35m[HTTP][39m [37m<-- GET /wd/hub/session/7e4297b9-94e8-41e3-96ab-47a1a2dd269d/source [39m[32m200[39m [90m664 ms - 14812[39m
[35m[HTTP][39m [90m[39m
[35m[HTTP][39m [37m-->[39m [37mGET[39m [37m/wd/hub/session/7e4297b9-94e8-41e3-96ab-47a1a2dd269d/screenshot[39m
[35m[HTTP][39m [90m{}[39m
[35m[HTTP][39m [37m<-- GET /wd/hub/session/7e4297b9-94e8-41e3-96ab-47a1a2dd269d/screenshot [39m[32m200[39m [90m1322 ms - 472106[39m
[35m[HTTP][39m [90m[39m
[35m[HTTP][39m [37m-->[39m [37mGET[39m [37m/wd/hub/session/7e4297b9-94e8-41e3-96ab-47a1a2dd269d/source[39m
[35m[HTTP][39m [90m{}[39m
[35m[W3C (7e4297b9)][39m Driver proxy active, passing request on via HTTP proxy
[35m[WD Proxy][39m Replacing sessionId 678c7e95-5ea3-4957-89dc-1ac5c1c4744f with 7e4297b9-94e8-41e3-96ab-47a1a2dd269d
[35m[HTTP][39m [37m<-- GET /wd/hub/session/7e4297b9-94e8-41e3-96ab-47a1a2dd269d/source [39m[32m200[39m [90m408 ms - 16588[39m
[35m[HTTP][39m [90m[39m
[35m[HTTP][39m [37m-->[39m [37mGET[39m [37m/wd/hub/session/7e4297b9-94e8-41e3-96ab-47a1a2dd269d/screenshot[39m
[35m[HTTP][39m [90m{}[39m
[35m[HTTP][39m [37m<-- GET /wd/hub/session/7e4297b9-94e8-41e3-96ab-47a1a2dd269d/screenshot [39m[32m200[39m [90m931 ms - 529326[39m
[35m[HTTP][39m [90m[39m
[35m[HTTP][39m [37m-->[39m [37mGET[39m [37m/wd/hub/session/7e4297b9-94e8-41e3-96ab-47a1a2dd269d/source[39m
[35m[HTTP][39m [90m{}[39m
[35m[W3C (7e4297b9)][39m Driver proxy active, passing request on via HTTP proxy
[35m[WD Proxy][39m Replacing sessionId 678c7e95-5ea3-4957-89dc-1ac5c1c4744f with 7e4297b9-94e8-41e3-96ab-47a1a2dd269d
[35m[HTTP][39m [37m<-- GET /wd/hub/session/7e4297b9-94e8-41e3-96ab-47a1a2dd269d/source [39m[32m200[39m [90m371 ms - 14812[39m
[35m[HTTP][39m [90m[39m
[35m[HTTP][39m [37m-->[39m [37mGET[39m [37m/wd/hub/session/7e4297b9-94e8-41e3-96ab-47a1a2dd269d/screenshot[39m
[35m[HTTP][39m [90m{}[39m
[35m[HTTP][39m [37m<-- GET /wd/hub/session/7e4297b9-94e8-41e3-96ab-47a1a2dd269d/screenshot [39m[32m200[39m [90m881 ms - 477274[39m
[35m[HTTP][39m [90m[39m
[35m[BaseDriver][39m Shutting down because we waited 1800 seconds for a command
[35m[Appium][39m Closing session, cause was 'New Command Timeout of 1800 seconds expired. Try customizing the timeout using the 'newCommandTimeout' desired capability'
[35m[Appium][39m Removing session 7e4297b9-94e8-41e3-96ab-47a1a2dd269d from our master session list
[35m[UiAutomator2][39m Restoring hidden api policy to the device default configuration
